[2017-02-23T13:34:48,631][WARN ][o.e.c.l.LogConfigurator  ] ignoring unsupported logging configuration file [/etc/elasticsearch/es-01/logging.yml], logging is configured via [/etc/elasticsearch/es-01/log4j2.properties]
[2017-02-23T13:34:49,180][INFO ][o.e.n.Node               ] [elastic1-es-01] initializing ...
[2017-02-23T13:34:49,332][INFO ][o.e.e.NodeEnvironment    ] [elastic1-es-01] using [1] data paths, mounts [[/ (/dev/vda1)]], net usable_space [24.9gb], net total_space [29gb], spins? [possibly], types [ext4]
[2017-02-23T13:34:49,332][INFO ][o.e.e.NodeEnvironment    ] [elastic1-es-01] heap size [1.9gb], compressed ordinary object pointers [true]
[2017-02-23T13:34:49,339][INFO ][o.e.n.Node               ] [elastic1-es-01] node name [elastic1-es-01], node ID [reLvqCsISjybaDIPMu5cLQ]
[2017-02-23T13:34:49,344][INFO ][o.e.n.Node               ] [elastic1-es-01] version[5.2.1], pid[19318], build[db0d481/2017-02-09T22:05:32.386Z], OS[Linux/4.4.0-63-generic/amd64], JVM[Oracle Corporation/OpenJDK 64-Bit Server VM/1.8.0_121/25.121-b13]
[2017-02-23T13:34:51,367][INFO ][o.e.p.PluginsService     ] [elastic1-es-01] loaded module [aggs-matrix-stats]
[2017-02-23T13:34:51,367][INFO ][o.e.p.PluginsService     ] [elastic1-es-01] loaded module [ingest-common]
[2017-02-23T13:34:51,367][INFO ][o.e.p.PluginsService     ] [elastic1-es-01] loaded module [lang-expression]
[2017-02-23T13:34:51,368][INFO ][o.e.p.PluginsService     ] [elastic1-es-01] loaded module [lang-groovy]
[2017-02-23T13:34:51,368][INFO ][o.e.p.PluginsService     ] [elastic1-es-01] loaded module [lang-mustache]
[2017-02-23T13:34:51,368][INFO ][o.e.p.PluginsService     ] [elastic1-es-01] loaded module [lang-painless]
[2017-02-23T13:34:51,369][INFO ][o.e.p.PluginsService     ] [elastic1-es-01] loaded module [percolator]
[2017-02-23T13:34:51,369][INFO ][o.e.p.PluginsService     ] [elastic1-es-01] loaded module [reindex]
[2017-02-23T13:34:51,369][INFO ][o.e.p.PluginsService     ] [elastic1-es-01] loaded module [transport-netty3]
[2017-02-23T13:34:51,370][INFO ][o.e.p.PluginsService     ] [elastic1-es-01] loaded module [transport-netty4]
[2017-02-23T13:34:51,375][INFO ][o.e.p.PluginsService     ] [elastic1-es-01] no plugins loaded
[2017-02-23T13:34:56,173][INFO ][o.e.n.Node               ] [elastic1-es-01] initialized
[2017-02-23T13:34:56,178][INFO ][o.e.n.Node               ] [elastic1-es-01] starting ...
[2017-02-23T13:34:56,392][WARN ][i.n.u.i.MacAddressUtil   ] Failed to find a usable hardware address from the network interfaces; using random bytes: 28:22:2e:f6:6a:9f:ba:13
[2017-02-23T13:34:56,526][INFO ][o.e.t.TransportService   ] [elastic1-es-01] publish_address {159.203.103.45:9300}, bound_addresses {159.203.103.45:9300}
[2017-02-23T13:34:56,537][INFO ][o.e.b.BootstrapChecks    ] [elastic1-es-01] bound or publishing to a non-loopback or non-link-local address, enforcing bootstrap checks
[2017-02-23T13:34:59,648][INFO ][o.e.c.s.ClusterService   ] [elastic1-es-01] new_master {elastic1-es-01}{reLvqCsISjybaDIPMu5cLQ}{QeSq8OGzRBK8H6vDzeEoDA}{159.203.103.45}{159.203.103.45:9300}, reason: zen-disco-elected-as-master ([0] nodes joined)
[2017-02-23T13:34:59,759][INFO ][o.e.h.HttpServer         ] [elastic1-es-01] publish_address {159.203.103.45:9200}, bound_addresses {159.203.103.45:9200}
[2017-02-23T13:34:59,760][INFO ][o.e.n.Node               ] [elastic1-es-01] started
[2017-02-23T13:34:59,773][INFO ][o.e.g.GatewayService     ] [elastic1-es-01] recovered [0] indices into cluster_state
[2017-02-23T13:35:52,320][INFO ][o.e.c.m.MetaDataCreateIndexService] [elastic1-es-01] [logstash-2017.02.23] creating index, cause [auto(bulk api)], templates [], shards [5]/[1], mappings []
[2017-02-23T13:35:52,969][INFO ][o.e.c.m.MetaDataMappingService] [elastic1-es-01] [logstash-2017.02.23/rB3jLBr3SL6Yk6xARQrz0Q] create_mapping [logs]
[2017-02-23T13:36:45,165][INFO ][o.e.n.Node               ] [elastic1-es-01] stopping ...
[2017-02-23T13:36:45,267][INFO ][o.e.n.Node               ] [elastic1-es-01] stopped
[2017-02-23T13:36:45,267][INFO ][o.e.n.Node               ] [elastic1-es-01] closing ...
[2017-02-23T13:36:45,280][INFO ][o.e.n.Node               ] [elastic1-es-01] closed
[2017-02-23T13:41:44,488][WARN ][o.e.c.l.LogConfigurator  ] ignoring unsupported logging configuration file [/etc/elasticsearch/es-01/logging.yml], logging is configured via [/etc/elasticsearch/es-01/log4j2.properties]
[2017-02-23T13:41:44,976][INFO ][o.e.n.Node               ] [elastic1-es-01] initializing ...
[2017-02-23T13:41:45,145][INFO ][o.e.e.NodeEnvironment    ] [elastic1-es-01] using [1] data paths, mounts [[/ (/dev/vda1)]], net usable_space [24.9gb], net total_space [29gb], spins? [possibly], types [ext4]
[2017-02-23T13:41:45,145][INFO ][o.e.e.NodeEnvironment    ] [elastic1-es-01] heap size [1.9gb], compressed ordinary object pointers [true]
[2017-02-23T13:41:45,170][INFO ][o.e.n.Node               ] [elastic1-es-01] node name [elastic1-es-01], node ID [reLvqCsISjybaDIPMu5cLQ]
[2017-02-23T13:41:45,174][INFO ][o.e.n.Node               ] [elastic1-es-01] version[5.2.1], pid[19725], build[db0d481/2017-02-09T22:05:32.386Z], OS[Linux/4.4.0-63-generic/amd64], JVM[Oracle Corporation/OpenJDK 64-Bit Server VM/1.8.0_121/25.121-b13]
[2017-02-23T13:41:47,054][INFO ][o.e.p.PluginsService     ] [elastic1-es-01] loaded module [aggs-matrix-stats]
[2017-02-23T13:41:47,056][INFO ][o.e.p.PluginsService     ] [elastic1-es-01] loaded module [ingest-common]
[2017-02-23T13:41:47,056][INFO ][o.e.p.PluginsService     ] [elastic1-es-01] loaded module [lang-expression]
[2017-02-23T13:41:47,057][INFO ][o.e.p.PluginsService     ] [elastic1-es-01] loaded module [lang-groovy]
[2017-02-23T13:41:47,057][INFO ][o.e.p.PluginsService     ] [elastic1-es-01] loaded module [lang-mustache]
[2017-02-23T13:41:47,057][INFO ][o.e.p.PluginsService     ] [elastic1-es-01] loaded module [lang-painless]
[2017-02-23T13:41:47,059][INFO ][o.e.p.PluginsService     ] [elastic1-es-01] loaded module [percolator]
[2017-02-23T13:41:47,059][INFO ][o.e.p.PluginsService     ] [elastic1-es-01] loaded module [reindex]
[2017-02-23T13:41:47,059][INFO ][o.e.p.PluginsService     ] [elastic1-es-01] loaded module [transport-netty3]
[2017-02-23T13:41:47,059][INFO ][o.e.p.PluginsService     ] [elastic1-es-01] loaded module [transport-netty4]
[2017-02-23T13:41:47,060][INFO ][o.e.p.PluginsService     ] [elastic1-es-01] no plugins loaded
[2017-02-23T13:41:52,143][INFO ][o.e.n.Node               ] [elastic1-es-01] initialized
[2017-02-23T13:41:52,147][INFO ][o.e.n.Node               ] [elastic1-es-01] starting ...
[2017-02-23T13:41:52,367][WARN ][i.n.u.i.MacAddressUtil   ] Failed to find a usable hardware address from the network interfaces; using random bytes: 09:2b:00:b8:de:55:e3:a9
[2017-02-23T13:41:52,502][INFO ][o.e.t.TransportService   ] [elastic1-es-01] publish_address {159.203.103.45:9300}, bound_addresses {159.203.103.45:9300}
[2017-02-23T13:41:52,509][INFO ][o.e.b.BootstrapChecks    ] [elastic1-es-01] bound or publishing to a non-loopback or non-link-local address, enforcing bootstrap checks
[2017-02-23T13:41:55,618][INFO ][o.e.c.s.ClusterService   ] [elastic1-es-01] new_master {elastic1-es-01}{reLvqCsISjybaDIPMu5cLQ}{GgzWBx5lTBKga4Z0a40bxA}{159.203.103.45}{159.203.103.45:9300}, reason: zen-disco-elected-as-master ([0] nodes joined)
[2017-02-23T13:41:55,679][INFO ][o.e.h.HttpServer         ] [elastic1-es-01] publish_address {159.203.103.45:9200}, bound_addresses {159.203.103.45:9200}
[2017-02-23T13:41:55,680][INFO ][o.e.n.Node               ] [elastic1-es-01] started
[2017-02-23T13:41:56,003][INFO ][o.e.g.GatewayService     ] [elastic1-es-01] recovered [1] indices into cluster_state
[2017-02-23T13:41:56,583][INFO ][o.e.c.r.a.AllocationService] [elastic1-es-01] Cluster health status changed from [RED] to [YELLOW] (reason: [shards started [[logstash-2017.02.23][1]] ...]).
[2017-02-23T14:09:23,691][INFO ][o.e.c.m.MetaDataCreateIndexService] [elastic1-es-01] [logstash-0] creating index, cause [auto(bulk api)], templates [], shards [5]/[1], mappings []
[2017-02-23T14:09:23,944][INFO ][o.e.c.m.MetaDataMappingService] [elastic1-es-01] [logstash-0/4_mHdWJwQJSqhpugAfmHlQ] create_mapping [apache]
[2017-02-23T14:09:24,086][INFO ][o.e.c.m.MetaDataMappingService] [elastic1-es-01] [logstash-0/4_mHdWJwQJSqhpugAfmHlQ] create_mapping [nginx]
[2017-02-23T14:09:24,184][INFO ][o.e.c.m.MetaDataMappingService] [elastic1-es-01] [logstash-0/4_mHdWJwQJSqhpugAfmHlQ] update_mapping [apache]
[2017-02-23T14:09:24,302][INFO ][o.e.c.m.MetaDataMappingService] [elastic1-es-01] [logstash-0/4_mHdWJwQJSqhpugAfmHlQ] update_mapping [apache]
[2017-02-23T14:09:25,656][INFO ][o.e.c.m.MetaDataMappingService] [elastic1-es-01] [logstash-0/4_mHdWJwQJSqhpugAfmHlQ] update_mapping [nginx]
